<html>
<head>
<title>TestNG:  Test</title>
<link href="../testng.css" rel="stylesheet" type="text/css" />
<link href="../my-testng.css" rel="stylesheet" type="text/css" />

<style type="text/css">
.log { display: none;} 
.stack-trace { display: none;} 
</style>
<script type="text/javascript">
<!--
function flip(e) {
  current = e.style.display;
  if (current == 'block') {
    e.style.display = 'none';
    return 0;
  }
  else {
    e.style.display = 'block';
    return 1;
  }
}

function toggleBox(szDivId, elem, msg1, msg2)
{
  var res = -1;  if (document.getElementById) {
    res = flip(document.getElementById(szDivId));
  }
  else if (document.all) {
    // this is the way old msie versions work
    res = flip(document.all[szDivId]);
  }
  if(elem) {
    if(res == 0) elem.innerHTML = msg1; else elem.innerHTML = msg2;
  }

}

function toggleAllBoxes() {
  if (document.getElementsByTagName) {
    d = document.getElementsByTagName('div');
    for (i = 0; i < d.length; i++) {
      if (d[i].className == 'log') {
        flip(d[i]);
      }
    }
  }
}

// -->
</script>

</head>
<body>
<h2 align='center'>Test</h2><table border='1' align="center">
<tr>
<td>Tests passed/Failed/Skipped:</td><td>22/1/1</td>
</tr><tr>
<td>Started on:</td><td>Thu Sep 17 23:29:58 IST 2020</td>
</tr>
<tr><td>Total time:</td><td>0 seconds (123 ms)</td>
</tr><tr>
<td>Included groups:</td><td></td>
</tr><tr>
<td>Excluded groups:</td><td></td>
</tr>
</table><p/>
<small><i>(Hover the method name to see the test class name)</i></small><p/>
<table width='100%' border='1' class='invocation-failed'>
<tr><td colspan='4' align='center'><b>FAILED TESTS</b></td></tr>
<tr><td><b>Test method</b></td>
<td width="30%"><b>Exception</b></td>
<td width="10%"><b>Time (seconds)</b></td>
<td><b>Instance</b></td>
</tr>
<tr>
<td title='javaPackage.TestNG7.a()'><b>a</b><br>Test class: javaPackage.TestNG7</td>
<td><div><pre>java.lang.AssertionError: expected [true] but found [false]
	at javaPackage.TestNG7.a(TestNG7.java:11)
... Removed 29 stack frames</pre></div><a href='#' onClick='toggleBox("stack-trace1773283386", this, "Click to show all stack frames", "Click to hide stack frames")'>Click to show all stack frames</a>
<div class='stack-trace' id='stack-trace1773283386'><pre>java.lang.AssertionError: expected [true] but found [false]
	at org.testng.Assert.fail(Assert.java:96)
	at org.testng.Assert.failNotEquals(Assert.java:776)
	at org.testng.Assert.assertTrue(Assert.java:44)
	at org.testng.Assert.assertTrue(Assert.java:54)
	at javaPackage.TestNG7.a(TestNG7.java:11)
	at sun.reflect.NativeMethodAccessorImpl.invoke0(Native Method)
	at sun.reflect.NativeMethodAccessorImpl.invoke(Unknown Source)
	at sun.reflect.DelegatingMethodAccessorImpl.invoke(Unknown Source)
	at java.lang.reflect.Method.invoke(Unknown Source)
	at org.testng.internal.MethodInvocationHelper.invokeMethod(MethodInvocationHelper.java:124)
	at org.testng.internal.Invoker.invokeMethod(Invoker.java:583)
	at org.testng.internal.Invoker.invokeTestMethod(Invoker.java:719)
	at org.testng.internal.Invoker.invokeTestMethods(Invoker.java:989)
	at org.testng.internal.TestMethodWorker.invokeTestMethods(TestMethodWorker.java:125)
	at org.testng.internal.TestMethodWorker.run(TestMethodWorker.java:109)
	at org.testng.TestRunner.privateRun(TestRunner.java:648)
	at org.testng.TestRunner.run(TestRunner.java:505)
	at org.testng.SuiteRunner.runTest(SuiteRunner.java:455)
	at org.testng.SuiteRunner.runSequentially(SuiteRunner.java:450)
	at org.testng.SuiteRunner.privateRun(SuiteRunner.java:415)
	at org.testng.SuiteRunner.run(SuiteRunner.java:364)
	at org.testng.SuiteRunnerWorker.runSuite(SuiteRunnerWorker.java:52)
	at org.testng.SuiteRunnerWorker.run(SuiteRunnerWorker.java:84)
	at org.testng.TestNG.runSuitesSequentially(TestNG.java:1208)
	at org.testng.TestNG.runSuitesLocally(TestNG.java:1137)
	at org.testng.TestNG.runSuites(TestNG.java:1049)
	at org.testng.TestNG.run(TestNG.java:1017)
	at org.testng.remote.AbstractRemoteTestNG.run(AbstractRemoteTestNG.java:115)
	at org.testng.remote.RemoteTestNG.initAndRun(RemoteTestNG.java:251)
	at org.testng.remote.RemoteTestNG.main(RemoteTestNG.java:77)
</pre></div></td>
<td>0</td>
<td>javaPackage.TestNG7@48524010</td></tr>
</table><p>
<table width='100%' border='1' class='invocation-passed'>
<tr><td colspan='4' align='center'><b>PASSED TESTS</b></td></tr>
<tr><td><b>Test method</b></td>
<td width="30%"><b>Exception</b></td>
<td width="10%"><b>Time (seconds)</b></td>
<td><b>Instance</b></td>
</tr>
<tr>
<td title='javaPackage.TestNG8.A2()'><b>A2</b><br>Test class: javaPackage.TestNG8</td>
<td></td>
<td>0</td>
<td>javaPackage.TestNG8@4b168fa9</td></tr>
<tr>
<td title='javaPackage.TestNG4.G()'><b>G</b><br>Test class: javaPackage.TestNG4</td>
<td></td>
<td>0</td>
<td>javaPackage.TestNG4@53ca01a2</td></tr>
<tr>
<td title='javaPackage.TestNG8.S()'><b>S</b><br>Test class: javaPackage.TestNG8</td>
<td></td>
<td>0</td>
<td>javaPackage.TestNG8@4b168fa9</td></tr>
<tr>
<td title='javaPackage.TestNG6.a()'><b>a</b><br>Test class: javaPackage.TestNG6</td>
<td></td>
<td>0</td>
<td>javaPackage.TestNG6@3ee0fea4</td></tr>
<tr>
<td title='javaPackage.TestNG8.a()'><b>a</b><br>Test class: javaPackage.TestNG8</td>
<td></td>
<td>0</td>
<td>javaPackage.TestNG8@4b168fa9</td></tr>
<tr>
<td title='javaPackage.TestNG3.a1()'><b>a1</b><br>Test class: javaPackage.TestNG3</td>
<td></td>
<td>0</td>
<td>javaPackage.TestNG3@14ec4505</td></tr>
<tr>
<td title='javaPackage.TestNG1.a1()'><b>a1</b><br>Test class: javaPackage.TestNG1</td>
<td></td>
<td>0</td>
<td>javaPackage.TestNG1@4034c28c</td></tr>
<tr>
<td title='javaPackage.TestNG4.a2()'><b>a2</b><br>Test class: javaPackage.TestNG4</td>
<td></td>
<td>0</td>
<td>javaPackage.TestNG4@53ca01a2</td></tr>
<tr>
<td title='javaPackage.TestNG1.a2()'><b>a2</b><br>Test class: javaPackage.TestNG1</td>
<td></td>
<td>0</td>
<td>javaPackage.TestNG1@4034c28c</td></tr>
<tr>
<td title='javaPackage.TestNG8.a2()'><b>a2</b><br>Test class: javaPackage.TestNG8</td>
<td></td>
<td>0</td>
<td>javaPackage.TestNG8@4b168fa9</td></tr>
<tr>
<td title='javaPackage.TestNG3.a3()'><b>a3</b><br>Test class: javaPackage.TestNG3</td>
<td></td>
<td>0</td>
<td>javaPackage.TestNG3@14ec4505</td></tr>
<tr>
<td title='javaPackage.TestNG2.assertionCheck()'><b>assertionCheck</b><br>Test class: javaPackage.TestNG2</td>
<td></td>
<td>0</td>
<td>javaPackage.TestNG2@e50a6f6</td></tr>
<tr>
<td title='javaPackage.TestNG4.b()'><b>b</b><br>Test class: javaPackage.TestNG4</td>
<td></td>
<td>0</td>
<td>javaPackage.TestNG4@53ca01a2</td></tr>
<tr>
<td title='javaPackage.TestNG6.b()'><b>b</b><br>Test class: javaPackage.TestNG6</td>
<td></td>
<td>0</td>
<td>javaPackage.TestNG6@3ee0fea4</td></tr>
<tr>
<td title='javaPackage.TestNG6.b()'><b>b</b><br>Test class: javaPackage.TestNG6</td>
<td></td>
<td>0</td>
<td>javaPackage.TestNG6@3ee0fea4</td></tr>
<tr>
<td title='javaPackage.TestNG5.d()'><b>d</b><br>Test class: javaPackage.TestNG5</td>
<td></td>
<td>0</td>
<td>javaPackage.TestNG5@358c99f5</td></tr>
<tr>
<td title='javaPackage.TestNG5.d()'><b>d</b><br>Test class: javaPackage.TestNG5</td>
<td></td>
<td>0</td>
<td>javaPackage.TestNG5@358c99f5</td></tr>
<tr>
<td title='javaPackage.TestNG4.e()'><b>e</b><br>Test class: javaPackage.TestNG4</td>
<td></td>
<td>0</td>
<td>javaPackage.TestNG4@53ca01a2</td></tr>
<tr>
<td title='javaPackage.TestNG3.f()'><b>f</b><br>Test class: javaPackage.TestNG3</td>
<td></td>
<td>0</td>
<td>javaPackage.TestNG3@14ec4505</td></tr>
<tr>
<td title='javaPackage.TestNG4.g()'><b>g</b><br>Test class: javaPackage.TestNG4</td>
<td></td>
<td>0</td>
<td>javaPackage.TestNG4@53ca01a2</td></tr>
<tr>
<td title='javaPackage.TestNG8.s()'><b>s</b><br>Test class: javaPackage.TestNG8</td>
<td></td>
<td>0</td>
<td>javaPackage.TestNG8@4b168fa9</td></tr>
<tr>
<td title='javaPackage.TestNG3.t()'><b>t</b><br>Test class: javaPackage.TestNG3</td>
<td></td>
<td>0</td>
<td>javaPackage.TestNG3@14ec4505</td></tr>
</table><p>
<table width='100%' border='1' class='invocation-skipped'>
<tr><td colspan='4' align='center'><b>SKIPPED TESTS</b></td></tr>
<tr><td><b>Test method</b></td>
<td width="30%"><b>Exception</b></td>
<td width="10%"><b>Time (seconds)</b></td>
<td><b>Instance</b></td>
</tr>
<tr>
<td title='javaPackage.TestNG5.e()'><b>e</b><br>Test class: javaPackage.TestNG5</td>
<td><div><pre>org.testng.SkipException: Skipping a method
	at javaPackage.TestNG5.e(TestNG5.java:38)
... Removed 25 stack frames</pre></div><a href='#' onClick='toggleBox("stack-trace919112242", this, "Click to show all stack frames", "Click to hide stack frames")'>Click to show all stack frames</a>
<div class='stack-trace' id='stack-trace919112242'><pre>org.testng.SkipException: Skipping a method
	at javaPackage.TestNG5.e(TestNG5.java:38)
	at sun.reflect.NativeMethodAccessorImpl.invoke0(Native Method)
	at sun.reflect.NativeMethodAccessorImpl.invoke(Unknown Source)
	at sun.reflect.DelegatingMethodAccessorImpl.invoke(Unknown Source)
	at java.lang.reflect.Method.invoke(Unknown Source)
	at org.testng.internal.MethodInvocationHelper.invokeMethod(MethodInvocationHelper.java:124)
	at org.testng.internal.Invoker.invokeMethod(Invoker.java:583)
	at org.testng.internal.Invoker.invokeTestMethod(Invoker.java:719)
	at org.testng.internal.Invoker.invokeTestMethods(Invoker.java:989)
	at org.testng.internal.TestMethodWorker.invokeTestMethods(TestMethodWorker.java:125)
	at org.testng.internal.TestMethodWorker.run(TestMethodWorker.java:109)
	at org.testng.TestRunner.privateRun(TestRunner.java:648)
	at org.testng.TestRunner.run(TestRunner.java:505)
	at org.testng.SuiteRunner.runTest(SuiteRunner.java:455)
	at org.testng.SuiteRunner.runSequentially(SuiteRunner.java:450)
	at org.testng.SuiteRunner.privateRun(SuiteRunner.java:415)
	at org.testng.SuiteRunner.run(SuiteRunner.java:364)
	at org.testng.SuiteRunnerWorker.runSuite(SuiteRunnerWorker.java:52)
	at org.testng.SuiteRunnerWorker.run(SuiteRunnerWorker.java:84)
	at org.testng.TestNG.runSuitesSequentially(TestNG.java:1208)
	at org.testng.TestNG.runSuitesLocally(TestNG.java:1137)
	at org.testng.TestNG.runSuites(TestNG.java:1049)
	at org.testng.TestNG.run(TestNG.java:1017)
	at org.testng.remote.AbstractRemoteTestNG.run(AbstractRemoteTestNG.java:115)
	at org.testng.remote.RemoteTestNG.initAndRun(RemoteTestNG.java:251)
	at org.testng.remote.RemoteTestNG.main(RemoteTestNG.java:77)
</pre></div></td>
<td>0</td>
<td>javaPackage.TestNG5@358c99f5</td></tr>
</table><p>
</body>
</html>